2018-10-21T12:29:40.371722Z 0 [Warning] TIMESTAMP with implicit DEFAULT value is deprecated. Please use --explicit_defaults_for_timestamp server option (see documentation for more details).
2018-10-21T12:29:40.377169Z 0 [Note] /usr/sbin/mysqld (mysqld 5.7.23) starting as process 34 ...
2018-10-21T12:29:40.396153Z 0 [Note] InnoDB: PUNCH HOLE support available
2018-10-21T12:29:40.396257Z 0 [Note] InnoDB: Mutexes and rw_locks use GCC atomic builtins
2018-10-21T12:29:40.396264Z 0 [Note] InnoDB: Uses event mutexes
2018-10-21T12:29:40.396269Z 0 [Note] InnoDB: GCC builtin __atomic_thread_fence() is used for memory barrier
2018-10-21T12:29:40.396273Z 0 [Note] InnoDB: Compressed tables use zlib 1.2.3
2018-10-21T12:29:40.396277Z 0 [Note] InnoDB: Using Linux native AIO
2018-10-21T12:29:40.396590Z 0 [Note] InnoDB: Number of pools: 1
2018-10-21T12:29:40.396800Z 0 [Note] InnoDB: Using CPU crc32 instructions
2018-10-21T12:29:40.398610Z 0 [Note] InnoDB: Initializing buffer pool, total size = 32M, instances = 1, chunk size = 32M
2018-10-21T12:29:40.411896Z 0 [Note] InnoDB: Completed initialization of buffer pool
2018-10-21T12:29:40.413096Z 0 [Note] InnoDB: If the mysqld execution user is authorized, page cleaner thread priority can be changed. See the man page of setpriority().
2018-10-21T12:29:40.435217Z 0 [Note] InnoDB: Highest supported file format is Barracuda.
2018-10-21T12:29:40.436045Z 0 [Note] InnoDB: Log scan progressed past the checkpoint lsn 2588963
2018-10-21T12:29:40.436065Z 0 [Note] InnoDB: Doing recovery: scanned up to log sequence number 2591784
2018-10-21T12:29:40.436437Z 0 [Note] InnoDB: Database was not shutdown normally!
2018-10-21T12:29:40.436446Z 0 [Note] InnoDB: Starting crash recovery.
2018-10-21T12:29:40.985729Z 0 [Note] InnoDB: Starting an apply batch of log records to the database...
InnoDB: Progress in percent: 16 17 18 19 20 21 22 23 24 25 26 27 28 29 30 31 32 33 34 35 36 37 38 39 40 41 42 43 44 45 46 47 48 49 50 51 52 53 54 55 56 57 58 59 60 61 62 63 64 65 66 67 68 69 70 71 72 73 74 75 76 77 78 79 80 81 82 83 84 85 86 87 88 89 90 91 92 93 94 95 96 97 98 99 
2018-10-21T12:29:40.994037Z 0 [Note] InnoDB: Apply batch completed
2018-10-21T12:29:41.100277Z 0 [Note] InnoDB: Removed temporary tablespace data file: "ibtmp1"
2018-10-21T12:29:41.100295Z 0 [Note] InnoDB: Creating shared tablespace for temporary tables
2018-10-21T12:29:41.100337Z 0 [Note] InnoDB: Setting file './ibtmp1' size to 12 MB. Physically writing the file full; Please wait ...
2018-10-21T12:29:41.234267Z 0 [Note] InnoDB: File './ibtmp1' size is now 12 MB.
2018-10-21T12:29:41.234714Z 0 [Note] InnoDB: 96 redo rollback segment(s) found. 96 redo rollback segment(s) are active.
2018-10-21T12:29:41.234721Z 0 [Note] InnoDB: 32 non-redo rollback segment(s) are active.
2018-10-21T12:29:41.235077Z 0 [Note] InnoDB: Waiting for purge to start
2018-10-21T12:29:41.285453Z 0 [Note] InnoDB: 5.7.23 started; log sequence number 2591784
2018-10-21T12:29:41.285861Z 0 [Note] Plugin 'FEDERATED' is disabled.
2018-10-21T12:29:41.287772Z 0 [Warning] Failed to set up SSL because of the following SSL library error: SSL context is not usable without certificate and private key
2018-10-21T12:29:41.287783Z 0 [Note] Server hostname (bind-address): '*'; port: 3306
2018-10-21T12:29:41.287811Z 0 [Note] IPv6 is available.
2018-10-21T12:29:41.287819Z 0 [Note]   - '::' resolves to '::';
2018-10-21T12:29:41.287823Z 0 [Note] Server socket created on IP: '::'.
2018-10-21T12:29:41.290866Z 0 [Warning] Insecure configuration for --pid-file: Location '/var/run/mysqld' in the path is accessible to all OS users. Consider choosing a different directory.
2018-10-21T12:29:41.291668Z 0 [ERROR] /usr/sbin/mysqld: Table './mysql/user' is marked as crashed and should be repaired
2018-10-21T12:29:41.291781Z 0 [Warning] Checking table:   './mysql/user'
2018-10-21T12:29:41.291792Z 0 [ERROR] 1 client is using or hasn't closed the table properly
2018-10-21T12:29:41.292197Z 0 [Warning] 'user' entry 'root@localhost' ignored in --skip-name-resolve mode.
2018-10-21T12:29:41.292216Z 0 [Warning] 'user' entry 'mysql.session@localhost' ignored in --skip-name-resolve mode.
2018-10-21T12:29:41.292226Z 0 [Warning] 'user' entry 'mysql.sys@localhost' ignored in --skip-name-resolve mode.
2018-10-21T12:29:41.292240Z 0 [Warning] 'db' entry 'performance_schema mysql.session@localhost' ignored in --skip-name-resolve mode.
2018-10-21T12:29:41.292243Z 0 [Warning] 'db' entry 'sys mysql.sys@localhost' ignored in --skip-name-resolve mode.
2018-10-21T12:29:41.292250Z 0 [Warning] 'proxies_priv' entry '@ root@localhost' ignored in --skip-name-resolve mode.
2018-10-21T12:29:41.293335Z 0 [Warning] 'tables_priv' entry 'user mysql.session@localhost' ignored in --skip-name-resolve mode.
2018-10-21T12:29:41.293346Z 0 [Warning] 'tables_priv' entry 'sys_config mysql.sys@localhost' ignored in --skip-name-resolve mode.
2018-10-21T12:29:41.297950Z 0 [Note] Event Scheduler: Loaded 0 events
2018-10-21T12:29:41.299545Z 0 [Note] InnoDB: Loading buffer pool(s) from /var/lib/mysql/ib_buffer_pool
2018-10-21T12:29:41.313543Z 0 [Note] InnoDB: Buffer pool(s) load completed at 181021 12:29:41
2018-10-21T12:29:41.332811Z 0 [Note] /usr/sbin/mysqld: ready for connections.
Version: '5.7.23'  socket: '/var/run/mysqld/mysqld.sock'  port: 3306  MySQL Community Server (GPL)
2018-10-21T12:29:42.162209Z 4 [ERROR] /usr/sbin/mysqld: Table './mysql/proc' is marked as crashed and should be repaired
2018-10-21T12:29:42.162319Z 4 [Warning] Checking table:   './mysql/proc'
2018-10-21T12:29:42.184495Z 6 [Warning] 'user' entry 'root@localhost' ignored in --skip-name-resolve mode.
2018-10-21T12:29:42.184518Z 6 [Warning] 'user' entry 'mysql.session@localhost' ignored in --skip-name-resolve mode.
2018-10-21T12:29:42.184524Z 6 [Warning] 'user' entry 'mysql.sys@localhost' ignored in --skip-name-resolve mode.
2018-10-21T12:29:42.184538Z 6 [Warning] 'db' entry 'performance_schema mysql.session@localhost' ignored in --skip-name-resolve mode.
2018-10-21T12:29:42.184541Z 6 [Warning] 'db' entry 'sys mysql.sys@localhost' ignored in --skip-name-resolve mode.
2018-10-21T12:29:42.184549Z 6 [Warning] 'proxies_priv' entry '@ root@localhost' ignored in --skip-name-resolve mode.
2018-10-21T12:29:42.184672Z 6 [Warning] 'tables_priv' entry 'user mysql.session@localhost' ignored in --skip-name-resolve mode.
2018-10-21T12:29:42.184680Z 6 [Warning] 'tables_priv' entry 'sys_config mysql.sys@localhost' ignored in --skip-name-resolve mode.
2018-10-21T14:35:41.171927Z 0 [Note] InnoDB: page_cleaner: 1000ms intended loop took 183573ms. The settings might not be optimal. (flushed=0 and evicted=0, during the time.)
2018-10-21T16:01:13.822411Z 0 [Note] InnoDB: page_cleaner: 1000ms intended loop took 3185527ms. The settings might not be optimal. (flushed=0 and evicted=0, during the time.)
2018-10-21T17:58:10.361376Z 0 [Note] InnoDB: page_cleaner: 1000ms intended loop took 3856873ms. The settings might not be optimal. (flushed=0 and evicted=0, during the time.)
2018-10-21T18:59:02.228296Z 0 [Note] InnoDB: page_cleaner: 1000ms intended loop took 1472639ms. The settings might not be optimal. (flushed=0 and evicted=0, during the time.)
2018-10-22T18:09:27.056899Z 0 [Note] Giving 0 client threads a chance to die gracefully
2018-10-22T18:09:27.058849Z 0 [Note] Shutting down slave threads
2018-10-22T18:09:27.058870Z 0 [Note] Forcefully disconnecting 0 remaining clients
2018-10-22T18:09:27.058879Z 0 [Note] Event Scheduler: Purging the queue. 0 events
2018-10-22T18:09:27.058915Z 0 [Note] Binlog end
2018-10-22T18:09:27.060885Z 0 [Note] Shutting down plugin 'ngram'
2018-10-22T18:09:27.060904Z 0 [Note] Shutting down plugin 'partition'
2018-10-22T18:09:27.060907Z 0 [Note] Shutting down plugin 'BLACKHOLE'
2018-10-22T18:09:27.060910Z 0 [Note] Shutting down plugin 'ARCHIVE'
2018-10-22T18:09:27.060912Z 0 [Note] Shutting down plugin 'PERFORMANCE_SCHEMA'
2018-10-22T18:09:27.060930Z 0 [Note] Shutting down plugin 'MRG_MYISAM'
2018-10-22T18:09:27.060933Z 0 [Note] Shutting down plugin 'MyISAM'
2018-10-22T18:09:27.060942Z 0 [Note] Shutting down plugin 'INNODB_SYS_VIRTUAL'
2018-10-22T18:09:27.060945Z 0 [Note] Shutting down plugin 'INNODB_SYS_DATAFILES'
2018-10-22T18:09:27.060953Z 0 [Note] Shutting down plugin 'INNODB_SYS_TABLESPACES'
2018-10-22T18:09:27.060955Z 0 [Note] Shutting down plugin 'INNODB_SYS_FOREIGN_COLS'
2018-10-22T18:09:27.060957Z 0 [Note] Shutting down plugin 'INNODB_SYS_FOREIGN'
2018-10-22T18:09:27.060959Z 0 [Note] Shutting down plugin 'INNODB_SYS_FIELDS'
2018-10-22T18:09:27.060961Z 0 [Note] Shutting down plugin 'INNODB_SYS_COLUMNS'
2018-10-22T18:09:27.060963Z 0 [Note] Shutting down plugin 'INNODB_SYS_INDEXES'
2018-10-22T18:09:27.060965Z 0 [Note] Shutting down plugin 'INNODB_SYS_TABLESTATS'
2018-10-22T18:09:27.060966Z 0 [Note] Shutting down plugin 'INNODB_SYS_TABLES'
2018-10-22T18:09:27.060968Z 0 [Note] Shutting down plugin 'INNODB_FT_INDEX_TABLE'
2018-10-22T18:09:27.060970Z 0 [Note] Shutting down plugin 'INNODB_FT_INDEX_CACHE'
2018-10-22T18:09:27.060972Z 0 [Note] Shutting down plugin 'INNODB_FT_CONFIG'
2018-10-22T18:09:27.060974Z 0 [Note] Shutting down plugin 'INNODB_FT_BEING_DELETED'
2018-10-22T18:09:27.060976Z 0 [Note] Shutting down plugin 'INNODB_FT_DELETED'
2018-10-22T18:09:27.060978Z 0 [Note] Shutting down plugin 'INNODB_FT_DEFAULT_STOPWORD'
2018-10-22T18:09:27.060979Z 0 [Note] Shutting down plugin 'INNODB_METRICS'
2018-10-22T18:09:27.060981Z 0 [Note] Shutting down plugin 'INNODB_TEMP_TABLE_INFO'
2018-10-22T18:09:27.060983Z 0 [Note] Shutting down plugin 'INNODB_BUFFER_POOL_STATS'
2018-10-22T18:09:27.060985Z 0 [Note] Shutting down plugin 'INNODB_BUFFER_PAGE_LRU'
2018-10-22T18:09:27.060987Z 0 [Note] Shutting down plugin 'INNODB_BUFFER_PAGE'
2018-10-22T18:09:27.060988Z 0 [Note] Shutting down plugin 'INNODB_CMP_PER_INDEX_RESET'
2018-10-22T18:09:27.060990Z 0 [Note] Shutting down plugin 'INNODB_CMP_PER_INDEX'
2018-10-22T18:09:27.060992Z 0 [Note] Shutting down plugin 'INNODB_CMPMEM_RESET'
2018-10-22T18:09:27.060994Z 0 [Note] Shutting down plugin 'INNODB_CMPMEM'
2018-10-22T18:09:27.060996Z 0 [Note] Shutting down plugin 'INNODB_CMP_RESET'
2018-10-22T18:09:27.060997Z 0 [Note] Shutting down plugin 'INNODB_CMP'
2018-10-22T18:09:27.060999Z 0 [Note] Shutting down plugin 'INNODB_LOCK_WAITS'
2018-10-22T18:09:27.061001Z 0 [Note] Shutting down plugin 'INNODB_LOCKS'
2018-10-22T18:09:27.061003Z 0 [Note] Shutting down plugin 'INNODB_TRX'
2018-10-22T18:09:27.061005Z 0 [Note] Shutting down plugin 'InnoDB'
2018-10-22T18:09:27.061064Z 0 [Note] InnoDB: FTS optimize thread exiting.
2018-10-22T18:09:27.061210Z 0 [Note] InnoDB: Starting shutdown...
2018-10-22T18:09:27.161695Z 0 [Note] InnoDB: Dumping buffer pool(s) to /var/lib/mysql/ib_buffer_pool
2018-10-22T18:09:27.161910Z 0 [Note] InnoDB: Buffer pool(s) dump completed at 181022 18:09:27
2018-10-22T18:09:28.271523Z 0 [Note] InnoDB: Shutdown completed; log sequence number 5599923
2018-10-22T18:09:28.271750Z 0 [Note] InnoDB: Removed temporary tablespace data file: "ibtmp1"
2018-10-22T18:09:28.271760Z 0 [Note] Shutting down plugin 'MEMORY'
2018-10-22T18:09:28.271765Z 0 [Note] Shutting down plugin 'CSV'
2018-10-22T18:09:28.271768Z 0 [Note] Shutting down plugin 'sha256_password'
2018-10-22T18:09:28.271770Z 0 [Note] Shutting down plugin 'mysql_native_password'
2018-10-22T18:09:28.271890Z 0 [Note] Shutting down plugin 'binlog'
2018-10-22T18:09:28.272380Z 0 [Note] /usr/sbin/mysqld: Shutdown complete

2018-10-22T18:09:34.424025Z 0 [Warning] TIMESTAMP with implicit DEFAULT value is deprecated. Please use --explicit_defaults_for_timestamp server option (see documentation for more details).
2018-10-22T18:09:34.424307Z 0 [Note] /usr/sbin/mysqld (mysqld 5.7.23) starting as process 66 ...
2018-10-22T18:09:34.443322Z 0 [Note] InnoDB: PUNCH HOLE support available
2018-10-22T18:09:34.443339Z 0 [Note] InnoDB: Mutexes and rw_locks use GCC atomic builtins
2018-10-22T18:09:34.443342Z 0 [Note] InnoDB: Uses event mutexes
2018-10-22T18:09:34.443344Z 0 [Note] InnoDB: GCC builtin __atomic_thread_fence() is used for memory barrier
2018-10-22T18:09:34.443347Z 0 [Note] InnoDB: Compressed tables use zlib 1.2.3
2018-10-22T18:09:34.443349Z 0 [Note] InnoDB: Using Linux native AIO
2018-10-22T18:09:34.443489Z 0 [Note] InnoDB: Number of pools: 1
2018-10-22T18:09:34.443555Z 0 [Note] InnoDB: Using CPU crc32 instructions
2018-10-22T18:09:34.444767Z 0 [Note] InnoDB: Initializing buffer pool, total size = 32M, instances = 1, chunk size = 32M
2018-10-22T18:09:34.446230Z 0 [Note] InnoDB: Completed initialization of buffer pool
2018-10-22T18:09:34.453231Z 0 [Note] InnoDB: If the mysqld execution user is authorized, page cleaner thread priority can be changed. See the man page of setpriority().
2018-10-22T18:09:34.465986Z 0 [Note] InnoDB: Highest supported file format is Barracuda.
2018-10-22T18:09:34.514801Z 0 [Note] InnoDB: Creating shared tablespace for temporary tables
2018-10-22T18:09:34.514866Z 0 [Note] InnoDB: Setting file './ibtmp1' size to 12 MB. Physically writing the file full; Please wait ...
2018-10-22T18:09:34.539669Z 0 [Note] InnoDB: File './ibtmp1' size is now 12 MB.
2018-10-22T18:09:34.540210Z 0 [Note] InnoDB: 96 redo rollback segment(s) found. 96 redo rollback segment(s) are active.
2018-10-22T18:09:34.540220Z 0 [Note] InnoDB: 32 non-redo rollback segment(s) are active.
2018-10-22T18:09:34.540544Z 0 [Note] InnoDB: Waiting for purge to start
2018-10-22T18:09:34.590788Z 0 [Note] InnoDB: 5.7.23 started; log sequence number 5599923
2018-10-22T18:09:34.591153Z 0 [Note] Plugin 'FEDERATED' is disabled.
2018-10-22T18:09:34.593961Z 0 [Note] InnoDB: Loading buffer pool(s) from /var/lib/mysql/ib_buffer_pool
2018-10-22T18:09:34.594652Z 0 [Warning] Failed to set up SSL because of the following SSL library error: SSL context is not usable without certificate and private key
2018-10-22T18:09:34.594660Z 0 [Note] Server hostname (bind-address): '*'; port: 3306
2018-10-22T18:09:34.594693Z 0 [Note] IPv6 is available.
2018-10-22T18:09:34.594701Z 0 [Note]   - '::' resolves to '::';
2018-10-22T18:09:34.594706Z 0 [Note] Server socket created on IP: '::'.
2018-10-22T18:09:34.596063Z 0 [Warning] Insecure configuration for --pid-file: Location '/var/run/mysqld' in the path is accessible to all OS users. Consider choosing a different directory.
2018-10-22T18:09:34.596988Z 0 [Warning] 'user' entry 'root@localhost' ignored in --skip-name-resolve mode.
2018-10-22T18:09:34.597007Z 0 [Warning] 'user' entry 'mysql.session@localhost' ignored in --skip-name-resolve mode.
2018-10-22T18:09:34.597013Z 0 [Warning] 'user' entry 'mysql.sys@localhost' ignored in --skip-name-resolve mode.
2018-10-22T18:09:34.597026Z 0 [Warning] 'db' entry 'performance_schema mysql.session@localhost' ignored in --skip-name-resolve mode.
2018-10-22T18:09:34.597029Z 0 [Warning] 'db' entry 'sys mysql.sys@localhost' ignored in --skip-name-resolve mode.
2018-10-22T18:09:34.597036Z 0 [Warning] 'proxies_priv' entry '@ root@localhost' ignored in --skip-name-resolve mode.
2018-10-22T18:09:34.597912Z 0 [Warning] 'tables_priv' entry 'user mysql.session@localhost' ignored in --skip-name-resolve mode.
2018-10-22T18:09:34.597921Z 0 [Warning] 'tables_priv' entry 'sys_config mysql.sys@localhost' ignored in --skip-name-resolve mode.
2018-10-22T18:09:34.602187Z 0 [Note] Event Scheduler: Loaded 0 events
2018-10-22T18:09:34.605866Z 0 [Note] InnoDB: Buffer pool(s) load completed at 181022 18:09:34
2018-10-22T18:09:34.620881Z 0 [Note] /usr/sbin/mysqld: ready for connections.
Version: '5.7.23'  socket: '/var/run/mysqld/mysqld.sock'  port: 3306  MySQL Community Server (GPL)
2018-10-22T20:13:38.518353Z 0 [Note] InnoDB: page_cleaner: 1000ms intended loop took 5768111ms. The settings might not be optimal. (flushed=0 and evicted=0, during the time.)
2018-10-24T17:23:53.762617Z 0 [Warning] TIMESTAMP with implicit DEFAULT value is deprecated. Please use --explicit_defaults_for_timestamp server option (see documentation for more details).
2018-10-24T17:23:53.768002Z 0 [Note] /usr/sbin/mysqld (mysqld 5.7.23) starting as process 54 ...
2018-10-24T17:23:53.811189Z 0 [Note] InnoDB: PUNCH HOLE support available
2018-10-24T17:23:53.811218Z 0 [Note] InnoDB: Mutexes and rw_locks use GCC atomic builtins
2018-10-24T17:23:53.811222Z 0 [Note] InnoDB: Uses event mutexes
2018-10-24T17:23:53.811225Z 0 [Note] InnoDB: GCC builtin __atomic_thread_fence() is used for memory barrier
2018-10-24T17:23:53.811230Z 0 [Note] InnoDB: Compressed tables use zlib 1.2.3
2018-10-24T17:23:53.811233Z 0 [Note] InnoDB: Using Linux native AIO
2018-10-24T17:23:53.814112Z 0 [Note] InnoDB: Number of pools: 1
2018-10-24T17:23:53.818851Z 0 [Note] InnoDB: Using CPU crc32 instructions
2018-10-24T17:23:53.821600Z 0 [Note] InnoDB: Initializing buffer pool, total size = 32M, instances = 1, chunk size = 32M
2018-10-24T17:23:53.825009Z 0 [Note] InnoDB: Completed initialization of buffer pool
2018-10-24T17:23:53.827838Z 0 [Note] InnoDB: If the mysqld execution user is authorized, page cleaner thread priority can be changed. See the man page of setpriority().
2018-10-24T17:23:53.851960Z 0 [Note] InnoDB: Highest supported file format is Barracuda.
2018-10-24T17:23:53.914792Z 0 [Note] InnoDB: Creating shared tablespace for temporary tables
2018-10-24T17:23:53.914860Z 0 [Note] InnoDB: Setting file './ibtmp1' size to 12 MB. Physically writing the file full; Please wait ...
2018-10-24T17:23:53.963581Z 0 [Note] InnoDB: File './ibtmp1' size is now 12 MB.
2018-10-24T17:23:53.964055Z 0 [Note] InnoDB: 96 redo rollback segment(s) found. 96 redo rollback segment(s) are active.
2018-10-24T17:23:53.964061Z 0 [Note] InnoDB: 32 non-redo rollback segment(s) are active.
2018-10-24T17:23:53.965780Z 0 [Note] InnoDB: Waiting for purge to start
2018-10-24T17:23:54.016791Z 0 [Note] InnoDB: 5.7.23 started; log sequence number 5606474
2018-10-24T17:23:54.017798Z 0 [Note] Plugin 'FEDERATED' is disabled.
2018-10-24T17:23:54.019102Z 0 [Note] InnoDB: Loading buffer pool(s) from /var/lib/mysql/ib_buffer_pool
2018-10-24T17:23:54.039065Z 0 [Warning] Failed to set up SSL because of the following SSL library error: SSL context is not usable without certificate and private key
2018-10-24T17:23:54.039081Z 0 [Note] Server hostname (bind-address): '*'; port: 3306
2018-10-24T17:23:54.039824Z 0 [Note] IPv6 is available.
2018-10-24T17:23:54.040874Z 0 [Note]   - '::' resolves to '::';
2018-10-24T17:23:54.040888Z 0 [Note] Server socket created on IP: '::'.
2018-10-24T17:23:54.044119Z 0 [Warning] Insecure configuration for --pid-file: Location '/var/run/mysqld' in the path is accessible to all OS users. Consider choosing a different directory.
2018-10-24T17:23:54.056701Z 0 [Warning] 'user' entry 'root@localhost' ignored in --skip-name-resolve mode.
2018-10-24T17:23:54.056733Z 0 [Warning] 'user' entry 'mysql.session@localhost' ignored in --skip-name-resolve mode.
2018-10-24T17:23:54.056740Z 0 [Warning] 'user' entry 'mysql.sys@localhost' ignored in --skip-name-resolve mode.
2018-10-24T17:23:54.058638Z 0 [Warning] 'db' entry 'performance_schema mysql.session@localhost' ignored in --skip-name-resolve mode.
2018-10-24T17:23:54.058649Z 0 [Warning] 'db' entry 'sys mysql.sys@localhost' ignored in --skip-name-resolve mode.
2018-10-24T17:23:54.059380Z 0 [Warning] 'proxies_priv' entry '@ root@localhost' ignored in --skip-name-resolve mode.
2018-10-24T17:23:54.072243Z 0 [Note] InnoDB: Buffer pool(s) load completed at 181024 17:23:54
2018-10-24T17:23:54.072450Z 0 [Warning] 'tables_priv' entry 'user mysql.session@localhost' ignored in --skip-name-resolve mode.
2018-10-24T17:23:54.072461Z 0 [Warning] 'tables_priv' entry 'sys_config mysql.sys@localhost' ignored in --skip-name-resolve mode.
2018-10-24T17:23:54.105010Z 0 [Note] Event Scheduler: Loaded 0 events
2018-10-24T17:23:54.108004Z 0 [Note] /usr/sbin/mysqld: ready for connections.
Version: '5.7.23'  socket: '/var/run/mysqld/mysqld.sock'  port: 3306  MySQL Community Server (GPL)
2018-10-24T18:04:26.154509Z 0 [Note] Giving 0 client threads a chance to die gracefully
2018-10-24T18:04:26.154906Z 0 [Note] Shutting down slave threads
2018-10-24T18:04:26.154915Z 0 [Note] Forcefully disconnecting 0 remaining clients
2018-10-24T18:04:26.154924Z 0 [Note] Event Scheduler: Purging the queue. 0 events
2018-10-24T18:04:26.155727Z 0 [Note] Binlog end
2018-10-24T18:04:26.157853Z 0 [Note] Shutting down plugin 'ngram'
2018-10-24T18:04:26.157869Z 0 [Note] Shutting down plugin 'partition'
2018-10-24T18:04:26.157873Z 0 [Note] Shutting down plugin 'BLACKHOLE'
2018-10-24T18:04:26.157880Z 0 [Note] Shutting down plugin 'ARCHIVE'
2018-10-24T18:04:26.157882Z 0 [Note] Shutting down plugin 'PERFORMANCE_SCHEMA'
2018-10-24T18:04:26.157898Z 0 [Note] Shutting down plugin 'MRG_MYISAM'
2018-10-24T18:04:26.157901Z 0 [Note] Shutting down plugin 'MyISAM'
2018-10-24T18:04:26.157909Z 0 [Note] Shutting down plugin 'INNODB_SYS_VIRTUAL'
2018-10-24T18:04:26.157912Z 0 [Note] Shutting down plugin 'INNODB_SYS_DATAFILES'
2018-10-24T18:04:26.157914Z 0 [Note] Shutting down plugin 'INNODB_SYS_TABLESPACES'
2018-10-24T18:04:26.157916Z 0 [Note] Shutting down plugin 'INNODB_SYS_FOREIGN_COLS'
2018-10-24T18:04:26.157918Z 0 [Note] Shutting down plugin 'INNODB_SYS_FOREIGN'
2018-10-24T18:04:26.157920Z 0 [Note] Shutting down plugin 'INNODB_SYS_FIELDS'
2018-10-24T18:04:26.157921Z 0 [Note] Shutting down plugin 'INNODB_SYS_COLUMNS'
2018-10-24T18:04:26.157923Z 0 [Note] Shutting down plugin 'INNODB_SYS_INDEXES'
2018-10-24T18:04:26.157925Z 0 [Note] Shutting down plugin 'INNODB_SYS_TABLESTATS'
2018-10-24T18:04:26.157927Z 0 [Note] Shutting down plugin 'INNODB_SYS_TABLES'
2018-10-24T18:04:26.157928Z 0 [Note] Shutting down plugin 'INNODB_FT_INDEX_TABLE'
2018-10-24T18:04:26.157930Z 0 [Note] Shutting down plugin 'INNODB_FT_INDEX_CACHE'
2018-10-24T18:04:26.157932Z 0 [Note] Shutting down plugin 'INNODB_FT_CONFIG'
2018-10-24T18:04:26.157933Z 0 [Note] Shutting down plugin 'INNODB_FT_BEING_DELETED'
2018-10-24T18:04:26.157935Z 0 [Note] Shutting down plugin 'INNODB_FT_DELETED'
2018-10-24T18:04:26.157937Z 0 [Note] Shutting down plugin 'INNODB_FT_DEFAULT_STOPWORD'
2018-10-24T18:04:26.157938Z 0 [Note] Shutting down plugin 'INNODB_METRICS'
2018-10-24T18:04:26.157940Z 0 [Note] Shutting down plugin 'INNODB_TEMP_TABLE_INFO'
2018-10-24T18:04:26.157942Z 0 [Note] Shutting down plugin 'INNODB_BUFFER_POOL_STATS'
2018-10-24T18:04:26.157944Z 0 [Note] Shutting down plugin 'INNODB_BUFFER_PAGE_LRU'
2018-10-24T18:04:26.157945Z 0 [Note] Shutting down plugin 'INNODB_BUFFER_PAGE'
2018-10-24T18:04:26.157947Z 0 [Note] Shutting down plugin 'INNODB_CMP_PER_INDEX_RESET'
2018-10-24T18:04:26.157949Z 0 [Note] Shutting down plugin 'INNODB_CMP_PER_INDEX'
2018-10-24T18:04:26.157950Z 0 [Note] Shutting down plugin 'INNODB_CMPMEM_RESET'
2018-10-24T18:04:26.157952Z 0 [Note] Shutting down plugin 'INNODB_CMPMEM'
2018-10-24T18:04:26.157954Z 0 [Note] Shutting down plugin 'INNODB_CMP_RESET'
2018-10-24T18:04:26.157955Z 0 [Note] Shutting down plugin 'INNODB_CMP'
2018-10-24T18:04:26.157957Z 0 [Note] Shutting down plugin 'INNODB_LOCK_WAITS'
2018-10-24T18:04:26.157959Z 0 [Note] Shutting down plugin 'INNODB_LOCKS'
2018-10-24T18:04:26.157960Z 0 [Note] Shutting down plugin 'INNODB_TRX'
2018-10-24T18:04:26.157962Z 0 [Note] Shutting down plugin 'InnoDB'
2018-10-24T18:04:26.158010Z 0 [Note] InnoDB: FTS optimize thread exiting.
2018-10-24T18:04:26.158158Z 0 [Note] InnoDB: Starting shutdown...
2018-10-24T18:04:36.832390Z 0 [Warning] TIMESTAMP with implicit DEFAULT value is deprecated. Please use --explicit_defaults_for_timestamp server option (see documentation for more details).
2018-10-24T18:04:36.832624Z 0 [Note] /usr/sbin/mysqld (mysqld 5.7.23) starting as process 66 ...
2018-10-24T18:04:36.843098Z 0 [Note] InnoDB: PUNCH HOLE support available
2018-10-24T18:04:36.843118Z 0 [Note] InnoDB: Mutexes and rw_locks use GCC atomic builtins
2018-10-24T18:04:36.843121Z 0 [Note] InnoDB: Uses event mutexes
2018-10-24T18:04:36.843124Z 0 [Note] InnoDB: GCC builtin __atomic_thread_fence() is used for memory barrier
2018-10-24T18:04:36.843126Z 0 [Note] InnoDB: Compressed tables use zlib 1.2.3
2018-10-24T18:04:36.843129Z 0 [Note] InnoDB: Using Linux native AIO
2018-10-24T18:04:36.843271Z 0 [Note] InnoDB: Number of pools: 1
2018-10-24T18:04:36.843341Z 0 [Note] InnoDB: Using CPU crc32 instructions
2018-10-24T18:04:36.844476Z 0 [Note] InnoDB: Initializing buffer pool, total size = 32M, instances = 1, chunk size = 32M
2018-10-24T18:04:36.845751Z 0 [Note] InnoDB: Completed initialization of buffer pool
2018-10-24T18:04:36.852416Z 0 [Note] InnoDB: If the mysqld execution user is authorized, page cleaner thread priority can be changed. See the man page of setpriority().
2018-10-24T18:04:36.858257Z 0 [Note] InnoDB: Highest supported file format is Barracuda.
2018-10-24T18:04:36.858612Z 0 [Note] InnoDB: Log scan progressed past the checkpoint lsn 6086399
2018-10-24T18:04:36.858624Z 0 [Note] InnoDB: Doing recovery: scanned up to log sequence number 6086408
2018-10-24T18:04:36.858627Z 0 [Note] InnoDB: Database was not shutdown normally!
2018-10-24T18:04:36.858630Z 0 [Note] InnoDB: Starting crash recovery.
2018-10-24T18:04:36.875540Z 0 [Note] InnoDB: Removed temporary tablespace data file: "ibtmp1"
2018-10-24T18:04:36.875572Z 0 [Note] InnoDB: Creating shared tablespace for temporary tables
2018-10-24T18:04:36.875638Z 0 [Note] InnoDB: Setting file './ibtmp1' size to 12 MB. Physically writing the file full; Please wait ...
2018-10-24T18:04:36.903433Z 0 [Note] InnoDB: File './ibtmp1' size is now 12 MB.
2018-10-24T18:04:36.904023Z 0 [Note] InnoDB: 96 redo rollback segment(s) found. 96 redo rollback segment(s) are active.
2018-10-24T18:04:36.904032Z 0 [Note] InnoDB: 32 non-redo rollback segment(s) are active.
2018-10-24T18:04:36.904416Z 0 [Note] InnoDB: Waiting for purge to start
2018-10-24T18:04:36.954884Z 0 [Note] InnoDB: 5.7.23 started; log sequence number 6086408
2018-10-24T18:04:36.955275Z 0 [Note] Plugin 'FEDERATED' is disabled.
2018-10-24T18:04:36.956321Z 0 [Warning] Failed to set up SSL because of the following SSL library error: SSL context is not usable without certificate and private key
2018-10-24T18:04:36.956344Z 0 [Note] Server hostname (bind-address): '*'; port: 3306
2018-10-24T18:04:36.956381Z 0 [Note] IPv6 is available.
2018-10-24T18:04:36.956389Z 0 [Note]   - '::' resolves to '::';
2018-10-24T18:04:36.956394Z 0 [Note] Server socket created on IP: '::'.
2018-10-24T18:04:36.958367Z 0 [Note] InnoDB: Loading buffer pool(s) from /var/lib/mysql/ib_buffer_pool
2018-10-24T18:04:36.958649Z 0 [Warning] Insecure configuration for --pid-file: Location '/var/run/mysqld' in the path is accessible to all OS users. Consider choosing a different directory.
2018-10-24T18:04:36.959647Z 0 [Warning] 'user' entry 'root@localhost' ignored in --skip-name-resolve mode.
2018-10-24T18:04:36.959670Z 0 [Warning] 'user' entry 'mysql.session@localhost' ignored in --skip-name-resolve mode.
2018-10-24T18:04:36.959676Z 0 [Warning] 'user' entry 'mysql.sys@localhost' ignored in --skip-name-resolve mode.
2018-10-24T18:04:36.959690Z 0 [Warning] 'db' entry 'performance_schema mysql.session@localhost' ignored in --skip-name-resolve mode.
2018-10-24T18:04:36.959693Z 0 [Warning] 'db' entry 'sys mysql.sys@localhost' ignored in --skip-name-resolve mode.
2018-10-24T18:04:36.959700Z 0 [Warning] 'proxies_priv' entry '@ root@localhost' ignored in --skip-name-resolve mode.
2018-10-24T18:04:36.960558Z 0 [Warning] 'tables_priv' entry 'user mysql.session@localhost' ignored in --skip-name-resolve mode.
2018-10-24T18:04:36.960569Z 0 [Warning] 'tables_priv' entry 'sys_config mysql.sys@localhost' ignored in --skip-name-resolve mode.
2018-10-24T18:04:36.964915Z 0 [Note] Event Scheduler: Loaded 0 events
2018-10-24T18:04:36.967272Z 0 [Note] InnoDB: Buffer pool(s) load completed at 181024 18:04:36
2018-10-24T18:04:36.972218Z 0 [Note] /usr/sbin/mysqld: ready for connections.
Version: '5.7.23'  socket: '/var/run/mysqld/mysqld.sock'  port: 3306  MySQL Community Server (GPL)
2018-10-24T18:22:36.131764Z 0 [Note] Giving 0 client threads a chance to die gracefully
2018-10-24T18:22:36.132031Z 0 [Note] Shutting down slave threads
2018-10-24T18:22:36.132038Z 0 [Note] Forcefully disconnecting 0 remaining clients
2018-10-24T18:22:36.132045Z 0 [Note] Event Scheduler: Purging the queue. 0 events
2018-10-24T18:22:36.132080Z 0 [Note] Binlog end
2018-10-24T18:22:36.143126Z 0 [Note] Shutting down plugin 'ngram'
2018-10-24T18:22:36.143139Z 0 [Note] Shutting down plugin 'partition'
2018-10-24T18:22:36.143142Z 0 [Note] Shutting down plugin 'BLACKHOLE'
2018-10-24T18:22:36.143144Z 0 [Note] Shutting down plugin 'ARCHIVE'
2018-10-24T18:22:36.143146Z 0 [Note] Shutting down plugin 'PERFORMANCE_SCHEMA'
2018-10-24T18:22:36.143165Z 0 [Note] Shutting down plugin 'MRG_MYISAM'
2018-10-24T18:22:36.143167Z 0 [Note] Shutting down plugin 'MyISAM'
2018-10-24T18:22:36.143175Z 0 [Note] Shutting down plugin 'INNODB_SYS_VIRTUAL'
2018-10-24T18:22:36.143177Z 0 [Note] Shutting down plugin 'INNODB_SYS_DATAFILES'
2018-10-24T18:22:36.143179Z 0 [Note] Shutting down plugin 'INNODB_SYS_TABLESPACES'
2018-10-24T18:22:36.143181Z 0 [Note] Shutting down plugin 'INNODB_SYS_FOREIGN_COLS'
2018-10-24T18:22:36.143183Z 0 [Note] Shutting down plugin 'INNODB_SYS_FOREIGN'
2018-10-24T18:22:36.143184Z 0 [Note] Shutting down plugin 'INNODB_SYS_FIELDS'
2018-10-24T18:22:36.143186Z 0 [Note] Shutting down plugin 'INNODB_SYS_COLUMNS'
2018-10-24T18:22:36.143188Z 0 [Note] Shutting down plugin 'INNODB_SYS_INDEXES'
2018-10-24T18:22:36.143190Z 0 [Note] Shutting down plugin 'INNODB_SYS_TABLESTATS'
2018-10-24T18:22:36.143191Z 0 [Note] Shutting down plugin 'INNODB_SYS_TABLES'
2018-10-24T18:22:36.143193Z 0 [Note] Shutting down plugin 'INNODB_FT_INDEX_TABLE'
2018-10-24T18:22:36.143195Z 0 [Note] Shutting down plugin 'INNODB_FT_INDEX_CACHE'
2018-10-24T18:22:36.143196Z 0 [Note] Shutting down plugin 'INNODB_FT_CONFIG'
2018-10-24T18:22:36.143198Z 0 [Note] Shutting down plugin 'INNODB_FT_BEING_DELETED'
2018-10-24T18:22:36.143200Z 0 [Note] Shutting down plugin 'INNODB_FT_DELETED'
2018-10-24T18:22:36.143202Z 0 [Note] Shutting down plugin 'INNODB_FT_DEFAULT_STOPWORD'
2018-10-24T18:22:36.143203Z 0 [Note] Shutting down plugin 'INNODB_METRICS'
2018-10-24T18:22:36.143205Z 0 [Note] Shutting down plugin 'INNODB_TEMP_TABLE_INFO'
2018-10-24T18:22:36.143207Z 0 [Note] Shutting down plugin 'INNODB_BUFFER_POOL_STATS'
2018-10-24T18:22:36.143209Z 0 [Note] Shutting down plugin 'INNODB_BUFFER_PAGE_LRU'
2018-10-24T18:22:36.143211Z 0 [Note] Shutting down plugin 'INNODB_BUFFER_PAGE'
2018-10-24T18:22:36.143212Z 0 [Note] Shutting down plugin 'INNODB_CMP_PER_INDEX_RESET'
2018-10-24T18:22:36.143214Z 0 [Note] Shutting down plugin 'INNODB_CMP_PER_INDEX'
2018-10-24T18:22:36.143216Z 0 [Note] Shutting down plugin 'INNODB_CMPMEM_RESET'
2018-10-24T18:22:36.143218Z 0 [Note] Shutting down plugin 'INNODB_CMPMEM'
2018-10-24T18:22:36.143219Z 0 [Note] Shutting down plugin 'INNODB_CMP_RESET'
2018-10-24T18:22:36.143221Z 0 [Note] Shutting down plugin 'INNODB_CMP'
2018-10-24T18:22:36.143223Z 0 [Note] Shutting down plugin 'INNODB_LOCK_WAITS'
2018-10-24T18:22:36.143225Z 0 [Note] Shutting down plugin 'INNODB_LOCKS'
2018-10-24T18:22:36.143226Z 0 [Note] Shutting down plugin 'INNODB_TRX'
2018-10-24T18:22:36.143228Z 0 [Note] Shutting down plugin 'InnoDB'
2018-10-24T18:22:36.143267Z 0 [Note] InnoDB: FTS optimize thread exiting.
2018-10-24T18:22:36.143377Z 0 [Note] InnoDB: Starting shutdown...
2018-10-24T18:22:36.244782Z 0 [Note] InnoDB: Dumping buffer pool(s) to /var/lib/mysql/ib_buffer_pool
2018-10-24T18:22:36.245545Z 0 [Note] InnoDB: Buffer pool(s) dump completed at 181024 18:22:36
2018-10-24T18:22:37.462058Z 0 [Note] InnoDB: Shutdown completed; log sequence number 6087396
2018-10-24T18:22:37.464272Z 0 [Note] InnoDB: Removed temporary tablespace data file: "ibtmp1"
2018-10-24T18:22:37.464286Z 0 [Note] Shutting down plugin 'MEMORY'
2018-10-24T18:22:37.464291Z 0 [Note] Shutting down plugin 'CSV'
2018-10-24T18:22:37.464295Z 0 [Note] Shutting down plugin 'sha256_password'
2018-10-24T18:22:37.464297Z 0 [Note] Shutting down plugin 'mysql_native_password'
2018-10-24T18:22:37.464423Z 0 [Note] Shutting down plugin 'binlog'
2018-10-24T18:22:37.464798Z 0 [Note] /usr/sbin/mysqld: Shutdown complete

